<?xml version="1.0" encoding="UTF-8"?>
<!-- Generated by org.testng.reporters.JUnitReportReporter -->
<testsuite skipped="0" hostname="LAPTOP-1IKM18D7" name="timestamp.TimevalueDemo1" tests="1" failures="0" timestamp="09 Sep 2024 02:05:52 GMT" time="0.013" errors="0">
  <testcase name="funA" time="0.013" classname="timestamp.TimevalueDemo1"/>
</testsuite> <!-- timestamp.TimevalueDemo1 -->
