<?xml version="1.0" encoding="UTF-8"?>
<!-- Generated by org.testng.reporters.JUnitReportReporter -->
<testsuite skipped="0" hostname="LAPTOP-1IKM18D7" name="testngdemo.demo1" tests="5" failures="0" timestamp="31 Aug 2024 02:58:56 GMT" time="0.011" errors="0">
  <testcase name="funE" time="0.009" classname="testngdemo.demo1"/>
  <testcase name="funB" time="0.002" classname="testngdemo.demo1"/>
  <testcase name="funA" time="0.000" classname="testngdemo.demo1"/>
  <testcase name="funC" time="0.000" classname="testngdemo.demo1"/>
  <testcase name="funD" time="0.000" classname="testngdemo.demo1"/>
</testsuite> <!-- testngdemo.demo1 -->
