<?xml version="1.0" encoding="UTF-8"?>
<!-- Generated by org.testng.reporters.JUnitReportReporter -->
<testsuite skipped="0" hostname="LAPTOP-1IKM18D7" name="testngdemo.TestngDemo2A" tests="4" failures="0" timestamp="14 Aug 2024 02:40:52 GMT" time="0.024" errors="0">
  <testcase name="funB" time="0.000" classname="testngdemo.TestngDemo2A"/>
  <testcase name="funD" time="0.000" classname="testngdemo.TestngDemo2A"/>
  <testcase name="funA" time="0.017" classname="testngdemo.TestngDemo2A"/>
  <testcase name="funC" time="0.007" classname="testngdemo.TestngDemo2A"/>
</testsuite> <!-- testngdemo.TestngDemo2A -->
