<?xml version="1.0" encoding="UTF-8"?>
<!-- Generated by org.testng.reporters.JUnitReportReporter -->
<testsuite skipped="0" hostname="LAPTOP-1IKM18D7" name="testngdemo.TestngDemo1" tests="1" failures="0" timestamp="16 Aug 2024 02:14:34 GMT" time="0.007" errors="0">
  <testcase name="funA" time="0.007" classname="testngdemo.TestngDemo1"/>
</testsuite> <!-- testngdemo.TestngDemo1 -->
