<?xml version="1.0" encoding="UTF-8"?>
<!-- Generated by org.testng.reporters.JUnitReportReporter -->
<testsuite skipped="0" hostname="LAPTOP-1IKM18D7" name="testngdemo.TestngDemo2B" tests="4" failures="0" timestamp="16 Aug 2024 02:39:15 GMT" time="0.007" errors="0">
  <testcase name="funC" time="0.006" classname="testngdemo.TestngDemo2B"/>
  <testcase name="funB" time="0.001" classname="testngdemo.TestngDemo2B"/>
  <testcase name="funD" time="0.000" classname="testngdemo.TestngDemo2B"/>
  <testcase name="funA" time="0.000" classname="testngdemo.TestngDemo2B"/>
</testsuite> <!-- testngdemo.TestngDemo2B -->
