<?xml version="1.0" encoding="UTF-8"?>
<!-- Generated by org.testng.reporters.JUnitReportReporter -->
<testsuite skipped="0" hostname="LAPTOP-1IKM18D7" name="testngdemo.TestngDemo2" tests="4" failures="0" timestamp="16 Aug 2024 02:24:02 GMT" time="0.017" errors="0">
  <testcase name="funA" time="0.001" classname="testngdemo.TestngDemo2"/>
  <testcase name="funD" time="0.002" classname="testngdemo.TestngDemo2"/>
  <testcase name="arif" time="0.012" classname="testngdemo.TestngDemo2"/>
  <testcase name="funB" time="0.002" classname="testngdemo.TestngDemo2"/>
</testsuite> <!-- testngdemo.TestngDemo2 -->
