<?xml version="1.0" encoding="UTF-8"?>
<!-- Generated by org.testng.reporters.JUnitReportReporter -->
<testsuite skipped="0" hostname="LAPTOP-1IKM18D7" name="SeleniumwithTestNG.ImplicitWaitDemo1" tests="1" failures="0" timestamp="01 Sep 2024 04:34:45 GMT" time="11.308" errors="0">
  <testcase name="funA" time="11.308" classname="SeleniumwithTestNG.ImplicitWaitDemo1"/>
</testsuite> <!-- SeleniumwithTestNG.ImplicitWaitDemo1 -->
