<?xml version="1.0" encoding="UTF-8"?>
<!-- Generated by org.testng.reporters.JUnitReportReporter -->
<testsuite skipped="0" hostname="LAPTOP-1IKM18D7" name="autoitDemo.FileUploadDemo2" tests="1" failures="0" timestamp="09 Sep 2024 07:16:09 GMT" time="2.350" errors="0">
  <testcase name="Fileuploadtest" time="2.350" classname="autoitDemo.FileUploadDemo2"/>
</testsuite> <!-- autoitDemo.FileUploadDemo2 -->
