<?xml version="1.0" encoding="UTF-8"?>
<!-- Generated by org.testng.reporters.JUnitReportReporter -->
<testsuite skipped="0" hostname="LAPTOP-1IKM18D7" name="DDFWDemo1.TestNGInvokeDemo1" tests="3" failures="0" timestamp="18 Sep 2024 02:10:22 GMT" time="0.007" errors="0">
  <testcase name="funA" time="0.005" classname="DDFWDemo1.TestNGInvokeDemo1"/>
  <testcase name="funA" time="0.001" classname="DDFWDemo1.TestNGInvokeDemo1"/>
  <testcase name="funA" time="0.001" classname="DDFWDemo1.TestNGInvokeDemo1"/>
</testsuite> <!-- DDFWDemo1.TestNGInvokeDemo1 -->
