<?xml version="1.0" encoding="UTF-8"?>
<!-- Generated by org.testng.reporters.JUnitReportReporter -->
<testsuite skipped="0" hostname="LAPTOP-1IKM18D7" name="DDFWDemo1.DDFWDemo3" tests="1" failures="0" timestamp="02 Sep 2024 01:58:25 GMT" time="9.554" errors="0">
  <testcase name="funA" time="9.554" classname="DDFWDemo1.DDFWDemo3"/>
</testsuite> <!-- DDFWDemo1.DDFWDemo3 -->
