<?xml version="1.0" encoding="UTF-8"?>
<!-- Generated by org.testng.reporters.JUnitReportReporter -->
<testsuite skipped="0" hostname="LAPTOP-1IKM18D7" name="DDFWDemo1.DataProviderDemo2" tests="3" failures="0" timestamp="01 Sep 2024 06:48:20 GMT" time="0.009" errors="0">
  <testcase name="funA" time="0.004" classname="DDFWDemo1.DataProviderDemo2"/>
  <testcase name="funA" time="0.001" classname="DDFWDemo1.DataProviderDemo2"/>
  <testcase name="funA" time="0.004" classname="DDFWDemo1.DataProviderDemo2"/>
</testsuite> <!-- DDFWDemo1.DataProviderDemo2 -->
