<?xml version="1.0" encoding="UTF-8"?>
<!-- Generated by org.testng.reporters.JUnitReportReporter -->
<testsuite skipped="0" hostname="LAPTOP-1IKM18D7" name="ExtentReportDemo.ExtentReportdDemo1" tests="1" failures="0" timestamp="05 Sep 2024 02:54:07 GMT" time="0.298" errors="0">
  <testcase name="extentreportdemo" time="0.298" classname="ExtentReportDemo.ExtentReportdDemo1"/>
</testsuite> <!-- ExtentReportDemo.ExtentReportdDemo1 -->
