<?xml version="1.0" encoding="UTF-8"?>
<!-- Generated by org.testng.reporters.JUnitReportReporter -->
<testsuite skipped="0" hostname="LAPTOP-1IKM18D7" name="DDFWDemo1.DDFWDemo2" tests="1" failures="0" timestamp="02 Sep 2024 01:56:23 GMT" time="10.513" errors="0">
  <testcase name="funA" time="10.513" classname="DDFWDemo1.DDFWDemo2"/>
</testsuite> <!-- DDFWDemo1.DDFWDemo2 -->
