<?xml version="1.0" encoding="UTF-8"?>
<!-- Generated by org.testng.reporters.JUnitReportReporter -->
<testsuite skipped="0" hostname="LAPTOP-1IKM18D7" name="DDFWDemo1.ScreenshotDemo1" tests="1" failures="0" timestamp="05 Sep 2024 02:09:01 GMT" time="9.753" errors="0">
  <testcase name="ScreenshotDemo" time="9.753" classname="DDFWDemo1.ScreenshotDemo1"/>
</testsuite> <!-- DDFWDemo1.ScreenshotDemo1 -->
