<?xml version="1.0" encoding="UTF-8"?>
<!-- Generated by org.testng.reporters.JUnitReportReporter -->
<testsuite skipped="0" hostname="LAPTOP-1IKM18D7" name="ExtentReportDemo.ExtentReportdDemo4" tests="1" failures="0" timestamp="05 Sep 2024 03:07:41 GMT" time="0.251" errors="0">
  <testcase name="extentreportdemo" time="0.251" classname="ExtentReportDemo.ExtentReportdDemo4"/>
</testsuite> <!-- ExtentReportDemo.ExtentReportdDemo4 -->
