<?xml version="1.0" encoding="UTF-8"?>
<!-- Generated by org.testng.reporters.JUnitReportReporter -->
<testsuite skipped="0" hostname="LAPTOP-1IKM18D7" name="ExcelDemo.ExcelReadDemo1" tests="1" failures="0" timestamp="08 Sep 2024 06:00:02 GMT" time="1.462" errors="0">
  <testcase name="ExcelReadDemo" time="1.462" classname="ExcelDemo.ExcelReadDemo1"/>
</testsuite> <!-- ExcelDemo.ExcelReadDemo1 -->
