<?xml version="1.0" encoding="UTF-8"?>
<!-- Generated by org.testng.reporters.JUnitReportReporter -->
<testsuite skipped="0" hostname="LAPTOP-1IKM18D7" name="DDFWDemo1.DataProviderDemo4" tests="3" failures="0" timestamp="02 Sep 2024 02:15:39 GMT" time="0.009" errors="0">
  <testcase name="funA" time="0.002" classname="DDFWDemo1.DataProviderDemo4"/>
  <testcase name="funA" time="0.006" classname="DDFWDemo1.DataProviderDemo4"/>
  <testcase name="funA" time="0.001" classname="DDFWDemo1.DataProviderDemo4"/>
</testsuite> <!-- DDFWDemo1.DataProviderDemo4 -->
