<?xml version="1.0" encoding="UTF-8"?>
<!-- Generated by org.testng.reporters.JUnitReportReporter -->
<testsuite skipped="0" hostname="LAPTOP-1IKM18D7" name="ExcelDemo.ExcelReadWriteDemo1" tests="1" failures="0" timestamp="08 Sep 2024 06:13:37 GMT" time="1.465" errors="0">
  <testcase name="ExcelReadDemo" time="1.465" classname="ExcelDemo.ExcelReadWriteDemo1"/>
</testsuite> <!-- ExcelDemo.ExcelReadWriteDemo1 -->
